0 info it worked if it ends with ok
1 verbose cli [ '/Users/development/.nvm/versions/node/v4.3.2/bin/node',
1 verbose cli   '/Users/development/.nvm/versions/node/v4.3.2/bin/npm',
1 verbose cli   'run',
1 verbose cli   'watch' ]
2 info using npm@2.14.12
3 info using node@v4.3.2
4 verbose stack Error: Invalid name: "altima test"
4 verbose stack     at ensureValidName (/Users/development/.nvm/versions/node/v4.3.2/lib/node_modules/npm/node_modules/normalize-package-data/lib/fixer.js:336:15)
4 verbose stack     at Object.module.exports.fixNameField (/Users/development/.nvm/versions/node/v4.3.2/lib/node_modules/npm/node_modules/normalize-package-data/lib/fixer.js:215:5)
4 verbose stack     at /Users/development/.nvm/versions/node/v4.3.2/lib/node_modules/npm/node_modules/normalize-package-data/lib/normalize.js:32:38
4 verbose stack     at Array.forEach (native)
4 verbose stack     at normalize (/Users/development/.nvm/versions/node/v4.3.2/lib/node_modules/npm/node_modules/normalize-package-data/lib/normalize.js:31:15)
4 verbose stack     at final (/Users/development/.nvm/versions/node/v4.3.2/lib/node_modules/npm/node_modules/read-package-json/read-json.js:338:5)
4 verbose stack     at then (/Users/development/.nvm/versions/node/v4.3.2/lib/node_modules/npm/node_modules/read-package-json/read-json.js:113:5)
4 verbose stack     at ReadFileContext.<anonymous> (/Users/development/.nvm/versions/node/v4.3.2/lib/node_modules/npm/node_modules/read-package-json/read-json.js:284:20)
4 verbose stack     at ReadFileContext.callback (/Users/development/.nvm/versions/node/v4.3.2/lib/node_modules/npm/node_modules/graceful-fs/graceful-fs.js:76:16)
4 verbose stack     at FSReqWrap.readFileAfterOpen [as oncomplete] (fs.js:303:13)
5 verbose cwd /Users/development/Projects/react/reactAltima
6 error Darwin 15.3.0
7 error argv "/Users/development/.nvm/versions/node/v4.3.2/bin/node" "/Users/development/.nvm/versions/node/v4.3.2/bin/npm" "run" "watch"
8 error node v4.3.2
9 error npm  v2.14.12
10 error Invalid name: "altima test"
11 error If you need help, you may report this error at:
11 error     <https://github.com/npm/npm/issues>
12 verbose exit [ 1, true ]
